#
# There is insufficient memory for the Java Runtime Environment to continue.
# Native memory allocation (mmap) failed to map 65536 bytes for Failed to commit metaspace.
# Possible reasons:
#   The system is out of physical RAM or swap space
#   The process is running with CompressedOops enabled, and the Java Heap may be blocking the growth of the native heap
# Possible solutions:
#   Reduce memory load on the system
#   Increase physical memory or swap space
#   Check if swap backing store is full
#   Decrease Java heap size (-Xmx/-Xms)
#   Decrease number of Java threads
#   Decrease Java thread stack sizes (-Xss)
#   Set larger code cache with -XX:ReservedCodeCacheSize=
#   JVM is running with Unscaled Compressed Oops mode in which the Java heap is
#     placed in the first 4GB address space. The Java Heap base address is the
#     maximum limit for the native heap growth. Please use -XX:HeapBaseMinAddress
#     to set the Java Heap base and to place the Java Heap above 4GB virtual address.
# This output file may be truncated or incomplete.
#
#  Out of Memory Error (virtualSpaceNode.cpp:108), pid=11520, tid=21308
#
# JRE version: OpenJDK Runtime Environment (16.0.1+9) (build 16.0.1+9-24)
# Java VM: OpenJDK 64-Bit Server VM (16.0.1+9-24, mixed mode, tiered, compressed oops, compressed class ptrs, g1 gc, windows-amd64)
# No core dump will be written. Minidumps are not enabled by default on client versions of Windows
#

---------------  S U M M A R Y ------------

Command Line: -Dfile.encoding=Cp1250 -XX:+ShowCodeDetailsInExceptionMessages Main

Host: Intel(R) Core(TM) i3-10110U CPU @ 2.10GHz, 4 cores, 7G,  Windows 10 , 64 bit Build 19041 (10.0.19041.1151)
Time: Thu Sep  2 02:03:45 2021 Srednja Europa - ljet. vrij. elapsed time: 0.739444 seconds (0d 0h 0m 0s)

---------------  T H R E A D  ---------------

Current thread (0x000001e667cdb4e0):  JavaThread "main" [_thread_in_vm, id=21308, stack(0x000000a9ecb00000,0x000000a9ecc00000)]

Stack: [0x000000a9ecb00000,0x000000a9ecc00000]
Native frames: (J=compiled Java code, j=interpreted, Vv=VM code, C=native code)
V  [jvm.dll+0x6687ca]
V  [jvm.dll+0x7ca3c9]
V  [jvm.dll+0x7cbb53]
V  [jvm.dll+0x7cc1b3]
V  [jvm.dll+0x242ea5]
V  [jvm.dll+0x7c6a4b]
V  [jvm.dll+0x60e436]
V  [jvm.dll+0x1be93e]
V  [jvm.dll+0x610b91]
V  [jvm.dll+0x60ed31]
V  [jvm.dll+0x238646]
V  [jvm.dll+0x1ea53f]
V  [jvm.dll+0x1df8a1]
V  [jvm.dll+0x536728]
V  [jvm.dll+0x7427ce]
V  [jvm.dll+0x407dfa]
V  [jvm.dll+0x41c0d6]
C  [java.dll+0x164d]

Java frames: (J=compiled Java code, j=interpreted, Vv=VM code)
j  java.lang.ClassLoader.defineClass0(Ljava/lang/ClassLoader;Ljava/lang/Class;Ljava/lang/String;[BIILjava/security/ProtectionDomain;ZILjava/lang/Object;)Ljava/lang/Class;+0 java.base@16.0.1
j  java.lang.System$2.defineClass(Ljava/lang/ClassLoader;Ljava/lang/Class;Ljava/lang/String;[BLjava/security/ProtectionDomain;ZILjava/lang/Object;)Ljava/lang/Class;+17 java.base@16.0.1
j  java.lang.invoke.MethodHandles$Lookup$ClassDefiner.defineClass(ZLjava/lang/Object;)Ljava/lang/Class;+54 java.base@16.0.1
j  java.lang.invoke.InvokerBytecodeGenerator.loadMethod([B)Ljava/lang/invoke/MemberName;+16 java.base@16.0.1
j  java.lang.invoke.InvokerBytecodeGenerator.generateCustomizedCode(Ljava/lang/invoke/LambdaForm;Ljava/lang/invoke/MethodType;)Ljava/lang/invoke/MemberName;+30 java.base@16.0.1
j  java.lang.invoke.LambdaForm.compileToBytecode()V+69 java.base@16.0.1
j  java.lang.invoke.LambdaForm.prepare()V+21 java.base@16.0.1
j  java.lang.invoke.MethodHandle.<init>(Ljava/lang/invoke/MethodType;Ljava/lang/invoke/LambdaForm;)V+33 java.base@16.0.1
j  java.lang.invoke.BoundMethodHandle.<init>(Ljava/lang/invoke/MethodType;Ljava/lang/invoke/LambdaForm;)V+3 java.base@16.0.1
j  java.lang.invoke.BoundMethodHandle$Species_L.<init>(Ljava/lang/invoke/MethodType;Ljava/lang/invoke/LambdaForm;Ljava/lang/Object;)V+3 java.base@16.0.1
j  java.lang.invoke.BoundMethodHandle$Species_L.copyWith(Ljava/lang/invoke/MethodType;Ljava/lang/invoke/LambdaForm;)Ljava/lang/invoke/BoundMethodHandle;+10 java.base@16.0.1
j  java.lang.invoke.MethodHandles.dropArguments0(Ljava/lang/invoke/MethodHandle;ILjava/util/List;)Ljava/lang/invoke/MethodHandle;+105 java.base@16.0.1
j  java.lang.invoke.MethodHandles.dropArguments(Ljava/lang/invoke/MethodHandle;I[Ljava/lang/Class;)Ljava/lang/invoke/MethodHandle;+6 java.base@16.0.1
j  java.lang.invoke.StringConcatFactory.generateMHInlineCopy(Ljava/lang/invoke/MethodType;Ljava/util/List;)Ljava/lang/invoke/MethodHandle;+266 java.base@16.0.1
j  java.lang.invoke.StringConcatFactory.makeConcatWithConstants(Ljava/lang/invoke/MethodHandles$Lookup;Ljava/lang/String;Ljava/lang/invoke/MethodType;Ljava/lang/String;[Ljava/lang/Object;)Ljava/lang/invoke/CallSite;+220 java.base@16.0.1
j  java.lang.invoke.DirectMethodHandle$Holder.invokeStatic(Ljava/lang/Object;Ljava/lang/Object;Ljava/lang/Object;Ljava/lang/Object;Ljava/lang/Object;Ljava/lang/Object;)Ljava/lang/Object;+18 java.base@16.0.1
j  java.lang.invoke.DelegatingMethodHandle$Holder.delegate(Ljava/lang/Object;Ljava/lang/Object;Ljava/lang/Object;Ljava/lang/Object;Ljava/lang/Object;Ljava/lang/Object;)Ljava/lang/Object;+21 java.base@16.0.1
j  java.lang.invoke.Invokers$Holder.invokeExact_MT(Ljava/lang/Object;Ljava/lang/Object;Ljava/lang/Object;Ljava/lang/Object;Ljava/lang/Object;Ljava/lang/Object;Ljava/lang/Object;)Ljava/lang/Object;+26 java.base@16.0.1
j  java.lang.invoke.BootstrapMethodInvoker.invoke(Ljava/lang/Class;Ljava/lang/invoke/MethodHandle;Ljava/lang/String;Ljava/lang/Object;Ljava/lang/Object;Ljava/lang/Class;)Ljava/lang/Object;+134 java.base@16.0.1
j  java.lang.invoke.CallSite.makeSite(Ljava/lang/invoke/MethodHandle;Ljava/lang/String;Ljava/lang/invoke/MethodType;Ljava/lang/Object;Ljava/lang/Class;)Ljava/lang/invoke/CallSite;+8 java.base@16.0.1
j  java.lang.invoke.MethodHandleNatives.linkCallSiteImpl(Ljava/lang/Class;Ljava/lang/invoke/MethodHandle;Ljava/lang/String;Ljava/lang/invoke/MethodType;Ljava/lang/Object;[Ljava/lang/Object;)Ljava/lang/invoke/MemberName;+6 java.base@16.0.1
j  java.lang.invoke.MethodHandleNatives.linkCallSite(Ljava/lang/Object;ILjava/lang/Object;Ljava/lang/Object;Ljava/lang/Object;Ljava/lang/Object;[Ljava/lang/Object;)Ljava/lang/invoke/MemberName;+46 java.base@16.0.1
v  ~StubRoutines::call_stub
j  java.awt.EventQueue.<init>()V+53 java.desktop@16.0.1
j  sun.awt.SunToolkit.initEQ(Lsun/awt/AppContext;)V+4 java.desktop@16.0.1
j  sun.awt.SunToolkit.createNewAppContext(Ljava/lang/ThreadGroup;)Lsun/awt/AppContext;+10 java.desktop@16.0.1
j  sun.awt.AppContext$2.run()Ljava/lang/Void;+27 java.desktop@16.0.1
j  sun.awt.AppContext$2.run()Ljava/lang/Object;+1 java.desktop@16.0.1
j  java.security.AccessController.executePrivileged(Ljava/security/PrivilegedAction;Ljava/security/AccessControlContext;Ljava/lang/Class;)Ljava/lang/Object;+29 java.base@16.0.1
j  java.security.AccessController.doPrivileged(Ljava/security/PrivilegedAction;)Ljava/lang/Object;+5 java.base@16.0.1
j  sun.awt.AppContext.initMainAppContext()V+7 java.desktop@16.0.1
j  sun.awt.AppContext$3.run()Lsun/awt/AppContext;+40 java.desktop@16.0.1
j  sun.awt.AppContext$3.run()Ljava/lang/Object;+1 java.desktop@16.0.1
j  java.security.AccessController.executePrivileged(Ljava/security/PrivilegedAction;Ljava/security/AccessControlContext;Ljava/lang/Class;)Ljava/lang/Object;+29 java.base@16.0.1
j  java.security.AccessController.doPrivileged(Ljava/security/PrivilegedAction;)Ljava/lang/Object;+5 java.base@16.0.1
j  sun.awt.AppContext.getAppContext()Lsun/awt/AppContext;+42 java.desktop@16.0.1
j  java.awt.Component.<init>()V+135 java.desktop@16.0.1
j  java.awt.Container.<init>()V+1 java.desktop@16.0.1
j  java.awt.Window.<init>()V+1 java.desktop@16.0.1
j  java.awt.Frame.<init>(Ljava/lang/String;)V+1 java.desktop@16.0.1
j  java.awt.Frame.<init>()V+3 java.desktop@16.0.1
j  javax.swing.JFrame.<init>()V+1 java.desktop@16.0.1
j  Kalkulator.<init>()V+8
j  Main.main([Ljava/lang/String;)V+4
v  ~StubRoutines::call_stub

---------------  P R O C E S S  ---------------

Threads class SMR info:
_java_thread_list=0x000001e67fd4f3f0, length=12, elements={
0x000001e667cdb4e0, 0x000001e67f1be250, 0x000001e67f1bee50, 0x000001e67fc08070,
0x000001e67fc08c70, 0x000001e67fc0b780, 0x000001e67fc0c920, 0x000001e67fc0f710,
0x000001e67f20e4d0, 0x000001e67fc76d10, 0x000001e67fd7d670, 0x000001e67fd7a860
}

Java Threads: ( => current thread )
=>0x000001e667cdb4e0 JavaThread "main" [_thread_in_vm, id=21308, stack(0x000000a9ecb00000,0x000000a9ecc00000)]
  0x000001e67f1be250 JavaThread "Reference Handler" daemon [_thread_blocked, id=19832, stack(0x000000a9ed200000,0x000000a9ed300000)]
  0x000001e67f1bee50 JavaThread "Finalizer" daemon [_thread_blocked, id=21280, stack(0x000000a9ed300000,0x000000a9ed400000)]
  0x000001e67fc08070 JavaThread "Signal Dispatcher" daemon [_thread_blocked, id=20576, stack(0x000000a9ed400000,0x000000a9ed500000)]
  0x000001e67fc08c70 JavaThread "Attach Listener" daemon [_thread_blocked, id=21108, stack(0x000000a9ed500000,0x000000a9ed600000)]
  0x000001e67fc0b780 JavaThread "Service Thread" daemon [_thread_blocked, id=11468, stack(0x000000a9ed600000,0x000000a9ed700000)]
  0x000001e67fc0c920 JavaThread "Monitor Deflation Thread" daemon [_thread_blocked, id=21192, stack(0x000000a9ed700000,0x000000a9ed800000)]
  0x000001e67fc0f710 JavaThread "C2 CompilerThread0" daemon [_thread_blocked, id=18760, stack(0x000000a9ed800000,0x000000a9ed900000)]
  0x000001e67f20e4d0 JavaThread "C1 CompilerThread0" daemon [_thread_blocked, id=1204, stack(0x000000a9ed900000,0x000000a9eda00000)]
  0x000001e67fc76d10 JavaThread "Sweeper thread" daemon [_thread_blocked, id=19844, stack(0x000000a9eda00000,0x000000a9edb00000)]
  0x000001e67fd7d670 JavaThread "Notification Thread" daemon [_thread_blocked, id=15232, stack(0x000000a9edb00000,0x000000a9edc00000)]
  0x000001e67fd7a860 JavaThread "Common-Cleaner" daemon [_thread_blocked, id=20808, stack(0x000000a9edd00000,0x000000a9ede00000)]

Other Threads:
  0x000001e67f1a3c30 VMThread "VM Thread" [stack: 0x000000a9ed100000,0x000000a9ed200000] [id=21120]
  0x000001e67fd7db90 WatcherThread [stack: 0x000000a9edc00000,0x000000a9edd00000] [id=19936]
  0x000001e667d19060 GCTaskThread "GC Thread#0" [stack: 0x000000a9ecc00000,0x000000a9ecd00000] [id=12216]
  0x000001e667d2acb0 ConcurrentGCThread "G1 Main Marker" [stack: 0x000000a9ecd00000,0x000000a9ece00000] [id=20112]
  0x000001e667d2bf40 ConcurrentGCThread "G1 Conc#0" [stack: 0x000000a9ece00000,0x000000a9ecf00000] [id=20468]
  0x000001e667da1860 ConcurrentGCThread "G1 Refine#0" [stack: 0x000000a9ecf00000,0x000000a9ed000000] [id=18796]
  0x000001e667da3310 ConcurrentGCThread "G1 Service" [stack: 0x000000a9ed000000,0x000000a9ed100000] [id=424]

Threads with active compile tasks:

VM state: not at safepoint (normal execution)

VM Mutex/Monitor currently owned by a thread:  ([mutex/lock_event])
[0x000001e667cd5a80] MetaspaceExpand_lock - owner thread: 0x000001e667cdb4e0

Heap address: 0x0000000082800000, size: 2008 MB, Compressed Oops mode: 32-bit

CDS disabled.
Compressed class space mapped at: 0x0000000100000000-0x0000000140000000, reserved size: 1073741824
Narrow klass base: 0x0000000000000000, Narrow klass shift: 3, Narrow klass range: 0x140000000

GC Precious Log:
 CPUs: 4 total, 4 available
 Memory: 8025M
 Large Page Support: Disabled
 NUMA Support: Disabled
 Compressed Oops: Enabled (32-bit)
 Heap Region Size: 1M
 Heap Min Capacity: 8M
 Heap Initial Capacity: 126M
 Heap Max Capacity: 2008M
 Pre-touch: Disabled
 Parallel Workers: 4
 Concurrent Workers: 1
 Concurrent Refinement Workers: 4
 Periodic GC: Disabled

Heap:
 garbage-first heap   total 129024K, used 1024K [0x0000000082800000, 0x0000000100000000)
  region size 1024K, 2 young (2048K), 0 survivors (0K)
 Metaspace       used 7359K, committed 7488K, reserved 1056768K
  class space    used 615K, committed 704K, reserved 1048576K

Heap Regions: E=young(eden), S=young(survivor), O=old, HS=humongous(starts), HC=humongous(continues), CS=collection set, F=free, OA=open archive, CA=closed archive, TAMS=top-at-mark-start (previous, next)
|   0|0x0000000082800000, 0x0000000082800000, 0x0000000082900000|  0%| F|  |TAMS 0x0000000082800000, 0x0000000082800000| Untracked 
|   1|0x0000000082900000, 0x0000000082900000, 0x0000000082a00000|  0%| F|  |TAMS 0x0000000082900000, 0x0000000082900000| Untracked 
|   2|0x0000000082a00000, 0x0000000082a00000, 0x0000000082b00000|  0%| F|  |TAMS 0x0000000082a00000, 0x0000000082a00000| Untracked 
|   3|0x0000000082b00000, 0x0000000082b00000, 0x0000000082c00000|  0%| F|  |TAMS 0x0000000082b00000, 0x0000000082b00000| Untracked 
|   4|0x0000000082c00000, 0x0000000082c00000, 0x0000000082d00000|  0%| F|  |TAMS 0x0000000082c00000, 0x0000000082c00000| Untracked 
|   5|0x0000000082d00000, 0x0000000082d00000, 0x0000000082e00000|  0%| F|  |TAMS 0x0000000082d00000, 0x0000000082d00000| Untracked 
|   6|0x0000000082e00000, 0x0000000082e00000, 0x0000000082f00000|  0%| F|  |TAMS 0x0000000082e00000, 0x0000000082e00000| Untracked 
|   7|0x0000000082f00000, 0x0000000082f00000, 0x0000000083000000|  0%| F|  |TAMS 0x0000000082f00000, 0x0000000082f00000| Untracked 
|   8|0x0000000083000000, 0x0000000083000000, 0x0000000083100000|  0%| F|  |TAMS 0x0000000083000000, 0x0000000083000000| Untracked 
|   9|0x0000000083100000, 0x0000000083100000, 0x0000000083200000|  0%| F|  |TAMS 0x0000000083100000, 0x0000000083100000| Untracked 
|  10|0x0000000083200000, 0x0000000083200000, 0x0000000083300000|  0%| F|  |TAMS 0x0000000083200000, 0x0000000083200000| Untracked 
|  11|0x0000000083300000, 0x0000000083300000, 0x0000000083400000|  0%| F|  |TAMS 0x0000000083300000, 0x0000000083300000| Untracked 
|  12|0x0000000083400000, 0x0000000083400000, 0x0000000083500000|  0%| F|  |TAMS 0x0000000083400000, 0x0000000083400000| Untracked 
|  13|0x0000000083500000, 0x0000000083500000, 0x0000000083600000|  0%| F|  |TAMS 0x0000000083500000, 0x0000000083500000| Untracked 
|  14|0x0000000083600000, 0x0000000083600000, 0x0000000083700000|  0%| F|  |TAMS 0x0000000083600000, 0x0000000083600000| Untracked 
|  15|0x0000000083700000, 0x0000000083700000, 0x0000000083800000|  0%| F|  |TAMS 0x0000000083700000, 0x0000000083700000| Untracked 
|  16|0x0000000083800000, 0x0000000083800000, 0x0000000083900000|  0%| F|  |TAMS 0x0000000083800000, 0x0000000083800000| Untracked 
|  17|0x0000000083900000, 0x0000000083900000, 0x0000000083a00000|  0%| F|  |TAMS 0x0000000083900000, 0x0000000083900000| Untracked 
|  18|0x0000000083a00000, 0x0000000083a00000, 0x0000000083b00000|  0%| F|  |TAMS 0x0000000083a00000, 0x0000000083a00000| Untracked 
|  19|0x0000000083b00000, 0x0000000083b00000, 0x0000000083c00000|  0%| F|  |TAMS 0x0000000083b00000, 0x0000000083b00000| Untracked 
|  20|0x0000000083c00000, 0x0000000083c00000, 0x0000000083d00000|  0%| F|  |TAMS 0x0000000083c00000, 0x0000000083c00000| Untracked 
|  21|0x0000000083d00000, 0x0000000083d00000, 0x0000000083e00000|  0%| F|  |TAMS 0x0000000083d00000, 0x0000000083d00000| Untracked 
|  22|0x0000000083e00000, 0x0000000083e00000, 0x0000000083f00000|  0%| F|  |TAMS 0x0000000083e00000, 0x0000000083e00000| Untracked 
|  23|0x0000000083f00000, 0x0000000083f00000, 0x0000000084000000|  0%| F|  |TAMS 0x0000000083f00000, 0x0000000083f00000| Untracked 
|  24|0x0000000084000000, 0x0000000084000000, 0x0000000084100000|  0%| F|  |TAMS 0x0000000084000000, 0x0000000084000000| Untracked 
|  25|0x0000000084100000, 0x0000000084100000, 0x0000000084200000|  0%| F|  |TAMS 0x0000000084100000, 0x0000000084100000| Untracked 
|  26|0x0000000084200000, 0x0000000084200000, 0x0000000084300000|  0%| F|  |TAMS 0x0000000084200000, 0x0000000084200000| Untracked 
|  27|0x0000000084300000, 0x0000000084300000, 0x0000000084400000|  0%| F|  |TAMS 0x0000000084300000, 0x0000000084300000| Untracked 
|  28|0x0000000084400000, 0x0000000084400000, 0x0000000084500000|  0%| F|  |TAMS 0x0000000084400000, 0x0000000084400000| Untracked 
|  29|0x0000000084500000, 0x0000000084500000, 0x0000000084600000|  0%| F|  |TAMS 0x0000000084500000, 0x0000000084500000| Untracked 
|  30|0x0000000084600000, 0x0000000084600000, 0x0000000084700000|  0%| F|  |TAMS 0x0000000084600000, 0x0000000084600000| Untracked 
|  31|0x0000000084700000, 0x0000000084700000, 0x0000000084800000|  0%| F|  |TAMS 0x0000000084700000, 0x0000000084700000| Untracked 
|  32|0x0000000084800000, 0x0000000084800000, 0x0000000084900000|  0%| F|  |TAMS 0x0000000084800000, 0x0000000084800000| Untracked 
|  33|0x0000000084900000, 0x0000000084900000, 0x0000000084a00000|  0%| F|  |TAMS 0x0000000084900000, 0x0000000084900000| Untracked 
|  34|0x0000000084a00000, 0x0000000084a00000, 0x0000000084b00000|  0%| F|  |TAMS 0x0000000084a00000, 0x0000000084a00000| Untracked 
|  35|0x0000000084b00000, 0x0000000084b00000, 0x0000000084c00000|  0%| F|  |TAMS 0x0000000084b00000, 0x0000000084b00000| Untracked 
|  36|0x0000000084c00000, 0x0000000084c00000, 0x0000000084d00000|  0%| F|  |TAMS 0x0000000084c00000, 0x0000000084c00000| Untracked 
|  37|0x0000000084d00000, 0x0000000084d00000, 0x0000000084e00000|  0%| F|  |TAMS 0x0000000084d00000, 0x0000000084d00000| Untracked 
|  38|0x0000000084e00000, 0x0000000084e00000, 0x0000000084f00000|  0%| F|  |TAMS 0x0000000084e00000, 0x0000000084e00000| Untracked 
|  39|0x0000000084f00000, 0x0000000084f00000, 0x0000000085000000|  0%| F|  |TAMS 0x0000000084f00000, 0x0000000084f00000| Untracked 
|  40|0x0000000085000000, 0x0000000085000000, 0x0000000085100000|  0%| F|  |TAMS 0x0000000085000000, 0x0000000085000000| Untracked 
|  41|0x0000000085100000, 0x0000000085100000, 0x0000000085200000|  0%| F|  |TAMS 0x0000000085100000, 0x0000000085100000| Untracked 
|  42|0x0000000085200000, 0x0000000085200000, 0x0000000085300000|  0%| F|  |TAMS 0x0000000085200000, 0x0000000085200000| Untracked 
|  43|0x0000000085300000, 0x0000000085300000, 0x0000000085400000|  0%| F|  |TAMS 0x0000000085300000, 0x0000000085300000| Untracked 
|  44|0x0000000085400000, 0x0000000085400000, 0x0000000085500000|  0%| F|  |TAMS 0x0000000085400000, 0x0000000085400000| Untracked 
|  45|0x0000000085500000, 0x0000000085500000, 0x0000000085600000|  0%| F|  |TAMS 0x0000000085500000, 0x0000000085500000| Untracked 
|  46|0x0000000085600000, 0x0000000085600000, 0x0000000085700000|  0%| F|  |TAMS 0x0000000085600000, 0x0000000085600000| Untracked 
|  47|0x0000000085700000, 0x0000000085700000, 0x0000000085800000|  0%| F|  |TAMS 0x0000000085700000, 0x0000000085700000| Untracked 
|  48|0x0000000085800000, 0x0000000085800000, 0x0000000085900000|  0%| F|  |TAMS 0x0000000085800000, 0x0000000085800000| Untracked 
|  49|0x0000000085900000, 0x0000000085900000, 0x0000000085a00000|  0%| F|  |TAMS 0x0000000085900000, 0x0000000085900000| Untracked 
|  50|0x0000000085a00000, 0x0000000085a00000, 0x0000000085b00000|  0%| F|  |TAMS 0x0000000085a00000, 0x0000000085a00000| Untracked 
|  51|0x0000000085b00000, 0x0000000085b00000, 0x0000000085c00000|  0%| F|  |TAMS 0x0000000085b00000, 0x0000000085b00000| Untracked 
|  52|0x0000000085c00000, 0x0000000085c00000, 0x0000000085d00000|  0%| F|  |TAMS 0x0000000085c00000, 0x0000000085c00000| Untracked 
|  53|0x0000000085d00000, 0x0000000085d00000, 0x0000000085e00000|  0%| F|  |TAMS 0x0000000085d00000, 0x0000000085d00000| Untracked 
|  54|0x0000000085e00000, 0x0000000085e00000, 0x0000000085f00000|  0%| F|  |TAMS 0x0000000085e00000, 0x0000000085e00000| Untracked 
|  55|0x0000000085f00000, 0x0000000085f00000, 0x0000000086000000|  0%| F|  |TAMS 0x0000000085f00000, 0x0000000085f00000| Untracked 
|  56|0x0000000086000000, 0x0000000086000000, 0x0000000086100000|  0%| F|  |TAMS 0x0000000086000000, 0x0000000086000000| Untracked 
|  57|0x0000000086100000, 0x0000000086100000, 0x0000000086200000|  0%| F|  |TAMS 0x0000000086100000, 0x0000000086100000| Untracked 
|  58|0x0000000086200000, 0x0000000086200000, 0x0000000086300000|  0%| F|  |TAMS 0x0000000086200000, 0x0000000086200000| Untracked 
|  59|0x0000000086300000, 0x0000000086300000, 0x0000000086400000|  0%| F|  |TAMS 0x0000000086300000, 0x0000000086300000| Untracked 
|  60|0x0000000086400000, 0x0000000086400000, 0x0000000086500000|  0%| F|  |TAMS 0x0000000086400000, 0x0000000086400000| Untracked 
|  61|0x0000000086500000, 0x0000000086500000, 0x0000000086600000|  0%| F|  |TAMS 0x0000000086500000, 0x0000000086500000| Untracked 
|  62|0x0000000086600000, 0x0000000086600000, 0x0000000086700000|  0%| F|  |TAMS 0x0000000086600000, 0x0000000086600000| Untracked 
|  63|0x0000000086700000, 0x0000000086700000, 0x0000000086800000|  0%| F|  |TAMS 0x0000000086700000, 0x0000000086700000| Untracked 
|  64|0x0000000086800000, 0x0000000086800000, 0x0000000086900000|  0%| F|  |TAMS 0x0000000086800000, 0x0000000086800000| Untracked 
|  65|0x0000000086900000, 0x0000000086900000, 0x0000000086a00000|  0%| F|  |TAMS 0x0000000086900000, 0x0000000086900000| Untracked 
|  66|0x0000000086a00000, 0x0000000086a00000, 0x0000000086b00000|  0%| F|  |TAMS 0x0000000086a00000, 0x0000000086a00000| Untracked 
|  67|0x0000000086b00000, 0x0000000086b00000, 0x0000000086c00000|  0%| F|  |TAMS 0x0000000086b00000, 0x0000000086b00000| Untracked 
|  68|0x0000000086c00000, 0x0000000086c00000, 0x0000000086d00000|  0%| F|  |TAMS 0x0000000086c00000, 0x0000000086c00000| Untracked 
|  69|0x0000000086d00000, 0x0000000086d00000, 0x0000000086e00000|  0%| F|  |TAMS 0x0000000086d00000, 0x0000000086d00000| Untracked 
|  70|0x0000000086e00000, 0x0000000086e00000, 0x0000000086f00000|  0%| F|  |TAMS 0x0000000086e00000, 0x0000000086e00000| Untracked 
|  71|0x0000000086f00000, 0x0000000086f00000, 0x0000000087000000|  0%| F|  |TAMS 0x0000000086f00000, 0x0000000086f00000| Untracked 
|  72|0x0000000087000000, 0x0000000087000000, 0x0000000087100000|  0%| F|  |TAMS 0x0000000087000000, 0x0000000087000000| Untracked 
|  73|0x0000000087100000, 0x0000000087100000, 0x0000000087200000|  0%| F|  |TAMS 0x0000000087100000, 0x0000000087100000| Untracked 
|  74|0x0000000087200000, 0x0000000087200000, 0x0000000087300000|  0%| F|  |TAMS 0x0000000087200000, 0x0000000087200000| Untracked 
|  75|0x0000000087300000, 0x0000000087300000, 0x0000000087400000|  0%| F|  |TAMS 0x0000000087300000, 0x0000000087300000| Untracked 
|  76|0x0000000087400000, 0x0000000087400000, 0x0000000087500000|  0%| F|  |TAMS 0x0000000087400000, 0x0000000087400000| Untracked 
|  77|0x0000000087500000, 0x0000000087500000, 0x0000000087600000|  0%| F|  |TAMS 0x0000000087500000, 0x0000000087500000| Untracked 
|  78|0x0000000087600000, 0x0000000087600000, 0x0000000087700000|  0%| F|  |TAMS 0x0000000087600000, 0x0000000087600000| Untracked 
|  79|0x0000000087700000, 0x0000000087700000, 0x0000000087800000|  0%| F|  |TAMS 0x0000000087700000, 0x0000000087700000| Untracked 
|  80|0x0000000087800000, 0x0000000087800000, 0x0000000087900000|  0%| F|  |TAMS 0x0000000087800000, 0x0000000087800000| Untracked 
|  81|0x0000000087900000, 0x0000000087900000, 0x0000000087a00000|  0%| F|  |TAMS 0x0000000087900000, 0x0000000087900000| Untracked 
|  82|0x0000000087a00000, 0x0000000087a00000, 0x0000000087b00000|  0%| F|  |TAMS 0x0000000087a00000, 0x0000000087a00000| Untracked 
|  83|0x0000000087b00000, 0x0000000087b00000, 0x0000000087c00000|  0%| F|  |TAMS 0x0000000087b00000, 0x0000000087b00000| Untracked 
|  84|0x0000000087c00000, 0x0000000087c00000, 0x0000000087d00000|  0%| F|  |TAMS 0x0000000087c00000, 0x0000000087c00000| Untracked 
|  85|0x0000000087d00000, 0x0000000087d00000, 0x0000000087e00000|  0%| F|  |TAMS 0x0000000087d00000, 0x0000000087d00000| Untracked 
|  86|0x0000000087e00000, 0x0000000087e00000, 0x0000000087f00000|  0%| F|  |TAMS 0x0000000087e00000, 0x0000000087e00000| Untracked 
|  87|0x0000000087f00000, 0x0000000087f00000, 0x0000000088000000|  0%| F|  |TAMS 0x0000000087f00000, 0x0000000087f00000| Untracked 
|  88|0x0000000088000000, 0x0000000088000000, 0x0000000088100000|  0%| F|  |TAMS 0x0000000088000000, 0x0000000088000000| Untracked 
|  89|0x0000000088100000, 0x0000000088100000, 0x0000000088200000|  0%| F|  |TAMS 0x0000000088100000, 0x0000000088100000| Untracked 
|  90|0x0000000088200000, 0x0000000088200000, 0x0000000088300000|  0%| F|  |TAMS 0x0000000088200000, 0x0000000088200000| Untracked 
|  91|0x0000000088300000, 0x0000000088300000, 0x0000000088400000|  0%| F|  |TAMS 0x0000000088300000, 0x0000000088300000| Untracked 
|  92|0x0000000088400000, 0x0000000088400000, 0x0000000088500000|  0%| F|  |TAMS 0x0000000088400000, 0x0000000088400000| Untracked 
|  93|0x0000000088500000, 0x0000000088500000, 0x0000000088600000|  0%| F|  |TAMS 0x0000000088500000, 0x0000000088500000| Untracked 
|  94|0x0000000088600000, 0x0000000088600000, 0x0000000088700000|  0%| F|  |TAMS 0x0000000088600000, 0x0000000088600000| Untracked 
|  95|0x0000000088700000, 0x0000000088700000, 0x0000000088800000|  0%| F|  |TAMS 0x0000000088700000, 0x0000000088700000| Untracked 
|  96|0x0000000088800000, 0x0000000088800000, 0x0000000088900000|  0%| F|  |TAMS 0x0000000088800000, 0x0000000088800000| Untracked 
|  97|0x0000000088900000, 0x0000000088900000, 0x0000000088a00000|  0%| F|  |TAMS 0x0000000088900000, 0x0000000088900000| Untracked 
|  98|0x0000000088a00000, 0x0000000088a00000, 0x0000000088b00000|  0%| F|  |TAMS 0x0000000088a00000, 0x0000000088a00000| Untracked 
|  99|0x0000000088b00000, 0x0000000088b00000, 0x0000000088c00000|  0%| F|  |TAMS 0x0000000088b00000, 0x0000000088b00000| Untracked 
| 100|0x0000000088c00000, 0x0000000088c00000, 0x0000000088d00000|  0%| F|  |TAMS 0x0000000088c00000, 0x0000000088c00000| Untracked 
| 101|0x0000000088d00000, 0x0000000088d00000, 0x0000000088e00000|  0%| F|  |TAMS 0x0000000088d00000, 0x0000000088d00000| Untracked 
| 102|0x0000000088e00000, 0x0000000088e00000, 0x0000000088f00000|  0%| F|  |TAMS 0x0000000088e00000, 0x0000000088e00000| Untracked 
| 103|0x0000000088f00000, 0x0000000088f00000, 0x0000000089000000|  0%| F|  |TAMS 0x0000000088f00000, 0x0000000088f00000| Untracked 
| 104|0x0000000089000000, 0x0000000089000000, 0x0000000089100000|  0%| F|  |TAMS 0x0000000089000000, 0x0000000089000000| Untracked 
| 105|0x0000000089100000, 0x0000000089100000, 0x0000000089200000|  0%| F|  |TAMS 0x0000000089100000, 0x0000000089100000| Untracked 
| 106|0x0000000089200000, 0x0000000089200000, 0x0000000089300000|  0%| F|  |TAMS 0x0000000089200000, 0x0000000089200000| Untracked 
| 107|0x0000000089300000, 0x0000000089300000, 0x0000000089400000|  0%| F|  |TAMS 0x0000000089300000, 0x0000000089300000| Untracked 
| 108|0x0000000089400000, 0x0000000089400000, 0x0000000089500000|  0%| F|  |TAMS 0x0000000089400000, 0x0000000089400000| Untracked 
| 109|0x0000000089500000, 0x0000000089500000, 0x0000000089600000|  0%| F|  |TAMS 0x0000000089500000, 0x0000000089500000| Untracked 
| 110|0x0000000089600000, 0x0000000089600000, 0x0000000089700000|  0%| F|  |TAMS 0x0000000089600000, 0x0000000089600000| Untracked 
| 111|0x0000000089700000, 0x0000000089700000, 0x0000000089800000|  0%| F|  |TAMS 0x0000000089700000, 0x0000000089700000| Untracked 
| 112|0x0000000089800000, 0x0000000089800000, 0x0000000089900000|  0%| F|  |TAMS 0x0000000089800000, 0x0000000089800000| Untracked 
| 113|0x0000000089900000, 0x0000000089900000, 0x0000000089a00000|  0%| F|  |TAMS 0x0000000089900000, 0x0000000089900000| Untracked 
| 114|0x0000000089a00000, 0x0000000089a00000, 0x0000000089b00000|  0%| F|  |TAMS 0x0000000089a00000, 0x0000000089a00000| Untracked 
| 115|0x0000000089b00000, 0x0000000089b00000, 0x0000000089c00000|  0%| F|  |TAMS 0x0000000089b00000, 0x0000000089b00000| Untracked 
| 116|0x0000000089c00000, 0x0000000089c00000, 0x0000000089d00000|  0%| F|  |TAMS 0x0000000089c00000, 0x0000000089c00000| Untracked 
| 117|0x0000000089d00000, 0x0000000089d00000, 0x0000000089e00000|  0%| F|  |TAMS 0x0000000089d00000, 0x0000000089d00000| Untracked 
| 118|0x0000000089e00000, 0x0000000089e00000, 0x0000000089f00000|  0%| F|  |TAMS 0x0000000089e00000, 0x0000000089e00000| Untracked 
| 119|0x0000000089f00000, 0x0000000089f00000, 0x000000008a000000|  0%| F|  |TAMS 0x0000000089f00000, 0x0000000089f00000| Untracked 
| 120|0x000000008a000000, 0x000000008a000000, 0x000000008a100000|  0%| F|  |TAMS 0x000000008a000000, 0x000000008a000000| Untracked 
| 121|0x000000008a100000, 0x000000008a100000, 0x000000008a200000|  0%| F|  |TAMS 0x000000008a100000, 0x000000008a100000| Untracked 
| 122|0x000000008a200000, 0x000000008a200000, 0x000000008a300000|  0%| F|  |TAMS 0x000000008a200000, 0x000000008a200000| Untracked 
| 123|0x000000008a300000, 0x000000008a300000, 0x000000008a400000|  0%| F|  |TAMS 0x000000008a300000, 0x000000008a300000| Untracked 
| 124|0x000000008a400000, 0x000000008a500000, 0x000000008a500000|100%| E|  |TAMS 0x000000008a400000, 0x000000008a400000| Complete 
| 125|0x000000008a500000, 0x000000008a600000, 0x000000008a600000|100%| E|CS|TAMS 0x000000008a500000, 0x000000008a500000| Complete 

Card table byte_map: [0x000001e67a640000,0x000001e67aa30000] _byte_map_base: 0x000001e67a22c000

Marking Bits (Prev, Next): (CMBitMap*) 0x000001e667d1a760, (CMBitMap*) 0x000001e667d1a7a0
 Prev Bits: [0x000001e67ae20000, 0x000001e67cd80000)
 Next Bits: [0x000001e67cd80000, 0x000001e67ece0000)

Polling page: 0x000001e665c90000

Metaspace:

Usage:
  Non-class:      6.59 MB used.
      Class:    615.59 KB used.
       Both:      7.19 MB used.

Virtual space:
  Non-class space:        8.00 MB reserved,       6.62 MB ( 83%) committed,  1 nodes.
      Class space:        1.00 GB reserved,     704.00 KB ( <1%) committed,  1 nodes.
              Both:        1.01 GB reserved,       7.31 MB ( <1%) committed. 

Chunk freelists:
   Non-Class:  1023.00 KB
       Class:  3.23 MB
        Both:  4.23 MB

MaxMetaspaceSize: 17179869184.00 GB
CompressedClassSpaceSize: 1.00 GB
 - commit_granule_bytes: 65536.
 - commit_granule_words: 8192.
 - virtual_space_node_default_size: 1048576.
 - enlarge_chunks_in_place: 1.
 - new_chunks_are_fully_committed: 0.
 - uncommit_free_chunks: 1.
 - use_allocation_guard: 0.
 - handle_deallocations: 1.


Internal statistics:

num_allocs_failed_limit: 0.
num_arena_births: 50.
num_arena_deaths: 0.
num_vsnodes_births: 2.
num_vsnodes_deaths: 0.
num_space_committed: 117.
num_space_uncommitted: 0.
num_chunks_returned_to_freelist: 0.
num_chunks_taken_from_freelist: 75.
num_chunk_merges: 0.
num_chunk_splits: 39.
num_chunks_enlarged: 14.
num_purges: 0.

CodeHeap 'non-profiled nmethods': size=120000Kb used=77Kb max_used=77Kb free=119922Kb
 bounds [0x000001e672d20000, 0x000001e672f90000, 0x000001e67a250000]
CodeHeap 'profiled nmethods': size=120000Kb used=357Kb max_used=357Kb free=119643Kb
 bounds [0x000001e66b7f0000, 0x000001e66ba60000, 0x000001e672d20000]
CodeHeap 'non-nmethods': size=5760Kb used=1110Kb max_used=1124Kb free=4649Kb
 bounds [0x000001e66b250000, 0x000001e66b4c0000, 0x000001e66b7f0000]
 total_blobs=640 nmethods=258 adapters=295
 compilation: enabled
              stopped_count=0, restarted_count=0
 full_count=0

Compilation events (20 events):
Event: 0.624 Thread 0x000001e67f20e4d0 nmethod 240 0x000001e672d32710 code [0x000001e672d328a0, 0x000001e672d32978]
Event: 0.624 Thread 0x000001e67f20e4d0  242       3       java.lang.invoke.MethodType::insertParameterTypes (121 bytes)
Event: 0.625 Thread 0x000001e67f20e4d0 nmethod 242 0x000001e66b83eb10 code [0x000001e66b83ede0, 0x000001e66b83fba8]
Event: 0.625 Thread 0x000001e67f20e4d0  244       3       java.lang.invoke.MemberName::isStatic (8 bytes)
Event: 0.625 Thread 0x000001e67f20e4d0 nmethod 244 0x000001e66b840110 code [0x000001e66b8402c0, 0x000001e66b840498]
Event: 0.625 Thread 0x000001e67f20e4d0  245   !   3       java.lang.invoke.MemberName::getFieldType (177 bytes)
Event: 0.627 Thread 0x000001e67f20e4d0 nmethod 245 0x000001e66b840590 code [0x000001e66b8408c0, 0x000001e66b841dd8]
Event: 0.627 Thread 0x000001e67f20e4d0  247       3       java.lang.invoke.InvokerBytecodeGenerator::getInternalName (103 bytes)
Event: 0.627 Thread 0x000001e67f20e4d0 nmethod 247 0x000001e66b842490 code [0x000001e66b8426a0, 0x000001e66b842bf8]
Event: 0.627 Thread 0x000001e67f20e4d0  248       3       sun.invoke.util.Wrapper::findPrimitiveType (25 bytes)
Event: 0.629 Thread 0x000001e67f20e4d0 nmethod 248 0x000001e66b842d10 code [0x000001e66b842fa0, 0x000001e66b843ac8]
Event: 0.636 Thread 0x000001e67f20e4d0  250       3       jdk.internal.org.objectweb.asm.SymbolTable::addConstantMemberReference (147 bytes)
Event: 0.637 Thread 0x000001e67f20e4d0 nmethod 250 0x000001e66b843f10 code [0x000001e66b8441a0, 0x000001e66b844a68]
Event: 0.637 Thread 0x000001e67f20e4d0  252       3       java.lang.StringLatin1::replace (198 bytes)
Event: 0.638 Thread 0x000001e67f20e4d0 nmethod 252 0x000001e66b844f90 code [0x000001e66b845220, 0x000001e66b845f68]
Event: 0.638 Thread 0x000001e67f20e4d0  251       3       jdk.internal.org.objectweb.asm.SymbolTable::hash (20 bytes)
Event: 0.638 Thread 0x000001e67f20e4d0 nmethod 251 0x000001e66b846410 code [0x000001e66b8465e0, 0x000001e66b8467a8]
Event: 0.721 Thread 0x000001e67f20e4d0  254       3       sun.invoke.util.Wrapper::forPrimitiveType (49 bytes)
Event: 0.721 Thread 0x000001e67fc0f710  257       4       java.lang.StringLatin1::charAt (28 bytes)
Event: 0.722 Thread 0x000001e67fc0f710 nmethod 257 0x000001e672d33310 code [0x000001e672d334a0, 0x000001e672d33538]

GC Heap History (0 events):
No events

Deoptimization events (0 events):
No events

Classes unloaded (0 events):
No events

Classes redefined (0 events):
No events

Internal exceptions (5 events):
Event: 0.385 Thread 0x000001e667cdb4e0 Exception <a 'java/lang/NoSuchMethodError'{0x000000008a41b0b8}: 'void java.lang.invoke.DirectMethodHandle$Holder.invokeSpecial(java.lang.Object, java.lang.Object, java.lang.Object)'> (0x000000008a41b0b8) 
thrown [t:\workspace\open\src\hotspot\share\interpreter\linkResolver.cpp, line 790]
Event: 0.441 Thread 0x000001e667cdb4e0 Exception <a 'java/lang/ClassNotFoundException'{0x000000008a43c1f8}: sun/awt/resources/spi/awtProvider> (0x000000008a43c1f8) 
thrown [t:\workspace\open\src\hotspot\share\classfile\systemDictionary.cpp, line 256]
Event: 0.570 Thread 0x000001e667cdb4e0 Exception <a 'java/io/FileNotFoundException'{0x000000008a498488}> (0x000000008a498488) 
thrown [t:\workspace\open\src\hotspot\share\prims\jni.cpp, line 579]
Event: 0.626 Thread 0x000001e667cdb4e0 Exception <a 'java/io/FileNotFoundException'{0x000000008a4c6e58}> (0x000000008a4c6e58) 
thrown [t:\workspace\open\src\hotspot\share\prims\jni.cpp, line 579]
Event: 0.631 Thread 0x000001e667cdb4e0 Exception <a 'java/lang/NoSuchMethodError'{0x000000008a4c81f0}: 'java.lang.Object java.lang.invoke.DirectMethodHandle$Holder.invokeStatic(java.lang.Object)'> (0x000000008a4c81f0) 
thrown [t:\workspace\open\src\hotspot\share\interpreter\linkResolver.cpp, line 790]

Events (20 events):
Event: 0.709 loading class sun/awt/WeakIdentityHashMap
Event: 0.709 loading class sun/awt/WeakIdentityHashMap done
Event: 0.709 loading class sun/awt/SoftCache
Event: 0.710 loading class sun/awt/SoftCache done
Event: 0.710 loading class sun/awt/AppContext$State
Event: 0.710 loading class sun/awt/AppContext$State done
Event: 0.710 loading class sun/awt/AppContext$1
Event: 0.710 loading class sun/awt/AppContext$1 done
Event: 0.710 loading class java/awt/EventQueue
Event: 0.719 loading class java/awt/EventQueue done
Event: 0.720 loading class java/awt/EventQueue$1
Event: 0.720 loading class java/awt/EventQueue$1 done
Event: 0.720 loading class java/awt/EventQueue$2
Event: 0.720 loading class sun/awt/AWTAccessor$EventQueueAccessor
Event: 0.720 loading class sun/awt/AWTAccessor$EventQueueAccessor done
Event: 0.720 loading class java/awt/EventQueue$2 done
Event: 0.720 loading class java/awt/EventQueue$3
Event: 0.720 loading class java/awt/EventQueue$3 done
Event: 0.720 loading class java/awt/Queue
Event: 0.721 loading class java/awt/Queue done


Dynamic libraries:
0x00007ff72ec20000 - 0x00007ff72ec2e000 	D:\eclipse-java-2021-06-R-win32-x86_64\eclipse\plugins\org.eclipse.justj.openjdk.hotspot.jre.full.win32.x86_64_16.0.1.v20210528-1205\jre\bin\javaw.exe
0x00007ffe358b0000 - 0x00007ffe35aa5000 	C:\Windows\SYSTEM32\ntdll.dll
0x00007ffe34fe0000 - 0x00007ffe3509d000 	C:\Windows\System32\KERNEL32.DLL
0x00007ffe33320000 - 0x00007ffe335e9000 	C:\Windows\System32\KERNELBASE.dll
0x00007ffe335f0000 - 0x00007ffe336f0000 	C:\Windows\System32\ucrtbase.dll
0x00007ffe2a150000 - 0x00007ffe2a168000 	D:\eclipse-java-2021-06-R-win32-x86_64\eclipse\plugins\org.eclipse.justj.openjdk.hotspot.jre.full.win32.x86_64_16.0.1.v20210528-1205\jre\bin\jli.dll
0x00007ffe351a0000 - 0x00007ffe35340000 	C:\Windows\System32\USER32.dll
0x00007ffe336f0000 - 0x00007ffe33712000 	C:\Windows\System32\win32u.dll
0x00007ffe339b0000 - 0x00007ffe339da000 	C:\Windows\System32\GDI32.dll
0x00007ffe33170000 - 0x00007ffe3327b000 	C:\Windows\System32\gdi32full.dll
0x00007ffe33280000 - 0x00007ffe3331d000 	C:\Windows\System32\msvcp_win.dll
0x00007ffe2a130000 - 0x00007ffe2a149000 	D:\eclipse-java-2021-06-R-win32-x86_64\eclipse\plugins\org.eclipse.justj.openjdk.hotspot.jre.full.win32.x86_64_16.0.1.v20210528-1205\jre\bin\VCRUNTIME140.dll
0x00007ffe1c8d0000 - 0x00007ffe1cb6a000 	C:\Windows\WinSxS\amd64_microsoft.windows.common-controls_6595b64144ccf1df_6.0.19041.1110_none_60b5254171f9507e\COMCTL32.dll
0x00007ffe34840000 - 0x00007ffe348de000 	C:\Windows\System32\msvcrt.dll
0x00007ffe341a0000 - 0x00007ffe341d0000 	C:\Windows\System32\IMM32.DLL
0x00007ffe2a7d0000 - 0x00007ffe2a7dc000 	D:\eclipse-java-2021-06-R-win32-x86_64\eclipse\plugins\org.eclipse.justj.openjdk.hotspot.jre.full.win32.x86_64_16.0.1.v20210528-1205\jre\bin\vcruntime140_1.dll
0x00007ffe0afc0000 - 0x00007ffe0b051000 	D:\eclipse-java-2021-06-R-win32-x86_64\eclipse\plugins\org.eclipse.justj.openjdk.hotspot.jre.full.win32.x86_64_16.0.1.v20210528-1205\jre\bin\msvcp140.dll
0x00007ffdc7030000 - 0x00007ffdc7bdb000 	D:\eclipse-java-2021-06-R-win32-x86_64\eclipse\plugins\org.eclipse.justj.openjdk.hotspot.jre.full.win32.x86_64_16.0.1.v20210528-1205\jre\bin\server\jvm.dll
0x00007ffe348e0000 - 0x00007ffe3498c000 	C:\Windows\System32\ADVAPI32.dll
0x00007ffe349f0000 - 0x00007ffe34a8b000 	C:\Windows\System32\sechost.dll
0x00007ffe34710000 - 0x00007ffe3483a000 	C:\Windows\System32\RPCRT4.dll
0x00007ffe34ba0000 - 0x00007ffe34ba8000 	C:\Windows\System32\PSAPI.DLL
0x00007ffe13090000 - 0x00007ffe13099000 	C:\Windows\SYSTEM32\WSOCK32.dll
0x00007ffe34560000 - 0x00007ffe345cb000 	C:\Windows\System32\WS2_32.dll
0x00007ffe1b570000 - 0x00007ffe1b597000 	C:\Windows\SYSTEM32\WINMM.dll
0x00007ffe26ff0000 - 0x00007ffe26ffa000 	C:\Windows\SYSTEM32\VERSION.dll
0x00007ffe31b20000 - 0x00007ffe31b32000 	C:\Windows\SYSTEM32\kernel.appcore.dll
0x00007ffe2a9f0000 - 0x00007ffe2a9fa000 	D:\eclipse-java-2021-06-R-win32-x86_64\eclipse\plugins\org.eclipse.justj.openjdk.hotspot.jre.full.win32.x86_64_16.0.1.v20210528-1205\jre\bin\jimage.dll
0x00007ffe30df0000 - 0x00007ffe30fd4000 	C:\Windows\SYSTEM32\DBGHELP.DLL
0x00007ffe1d630000 - 0x00007ffe1d65c000 	C:\Windows\SYSTEM32\dbgcore.DLL
0x00007ffe33720000 - 0x00007ffe337a3000 	C:\Windows\System32\bcryptPrimitives.dll
0x00007ffe2a610000 - 0x00007ffe2a635000 	D:\eclipse-java-2021-06-R-win32-x86_64\eclipse\plugins\org.eclipse.justj.openjdk.hotspot.jre.full.win32.x86_64_16.0.1.v20210528-1205\jre\bin\java.dll
0x00007ffe2a500000 - 0x00007ffe2a518000 	D:\eclipse-java-2021-06-R-win32-x86_64\eclipse\plugins\org.eclipse.justj.openjdk.hotspot.jre.full.win32.x86_64_16.0.1.v20210528-1205\jre\bin\zip.dll
0x00007ffe339e0000 - 0x00007ffe3411f000 	C:\Windows\System32\SHELL32.dll
0x00007ffe30fe0000 - 0x00007ffe31770000 	C:\Windows\SYSTEM32\windows.storage.dll
0x00007ffe34c80000 - 0x00007ffe34fd5000 	C:\Windows\System32\combase.dll
0x00007ffe32a40000 - 0x00007ffe32a6c000 	C:\Windows\SYSTEM32\Wldp.dll
0x00007ffe34af0000 - 0x00007ffe34b9e000 	C:\Windows\System32\SHCORE.dll
0x00007ffe34990000 - 0x00007ffe349e5000 	C:\Windows\System32\shlwapi.dll
0x00007ffe32f20000 - 0x00007ffe32f3f000 	C:\Windows\SYSTEM32\profapi.dll
0x00007ffdd67c0000 - 0x00007ffdd693f000 	D:\eclipse-java-2021-06-R-win32-x86_64\eclipse\plugins\org.eclipse.justj.openjdk.hotspot.jre.full.win32.x86_64_16.0.1.v20210528-1205\jre\bin\awt.dll
0x00007ffe34bb0000 - 0x00007ffe34c7d000 	C:\Windows\System32\OLEAUT32.dll
0x00007ffe296f0000 - 0x00007ffe29780000 	C:\Windows\SYSTEM32\apphelp.dll

dbghelp: loaded successfully - version: 4.0.5 - missing functions: none
symbol engine: initialized successfully - sym options: 0x614 - pdb path: .;D:\eclipse-java-2021-06-R-win32-x86_64\eclipse\plugins\org.eclipse.justj.openjdk.hotspot.jre.full.win32.x86_64_16.0.1.v20210528-1205\jre\bin;C:\Windows\SYSTEM32;C:\Windows\WinSxS\amd64_microsoft.windows.common-controls_6595b64144ccf1df_6.0.19041.1110_none_60b5254171f9507e;D:\eclipse-java-2021-06-R-win32-x86_64\eclipse\plugins\org.eclipse.justj.openjdk.hotspot.jre.full.win32.x86_64_16.0.1.v20210528-1205\jre\bin\server

VM Arguments:
jvm_args: -Dfile.encoding=Cp1250 -XX:+ShowCodeDetailsInExceptionMessages 
java_command: Main
java_class_path (initial): C:\Users\spionjaakM\OneDrive\Radna površina\Eclipse workspace\Kalkulator\bin
Launcher Type: SUN_STANDARD

[Global flags]
     intx CICompilerCount                          = 3                                         {product} {ergonomic}
     uint ConcGCThreads                            = 1                                         {product} {ergonomic}
     uint G1ConcRefinementThreads                  = 4                                         {product} {ergonomic}
   size_t G1HeapRegionSize                         = 1048576                                   {product} {ergonomic}
    uintx GCDrainStackTargetSize                   = 64                                        {product} {ergonomic}
   size_t InitialHeapSize                          = 132120576                                 {product} {ergonomic}
   size_t MarkStackSize                            = 4194304                                   {product} {ergonomic}
   size_t MaxHeapSize                              = 2105540608                                {product} {ergonomic}
   size_t MaxNewSize                               = 1262485504                                {product} {ergonomic}
   size_t MinHeapDeltaBytes                        = 1048576                                   {product} {ergonomic}
   size_t MinHeapSize                              = 8388608                                   {product} {ergonomic}
    uintx NonNMethodCodeHeapSize                   = 5832780                                {pd product} {ergonomic}
    uintx NonProfiledCodeHeapSize                  = 122912730                              {pd product} {ergonomic}
    uintx ProfiledCodeHeapSize                     = 122912730                              {pd product} {ergonomic}
    uintx ReservedCodeCacheSize                    = 251658240                              {pd product} {ergonomic}
     bool SegmentedCodeCache                       = true                                      {product} {ergonomic}
     bool ShowCodeDetailsInExceptionMessages       = true                                   {manageable} {command line}
   size_t SoftMaxHeapSize                          = 2105540608                             {manageable} {ergonomic}
     bool UseCompressedClassPointers               = true                           {product lp64_product} {ergonomic}
     bool UseCompressedOops                        = true                           {product lp64_product} {ergonomic}
     bool UseG1GC                                  = true                                      {product} {ergonomic}
     bool UseLargePagesIndividualAllocation        = false                                  {pd product} {ergonomic}

Logging:
Log output configuration:
 #0: stdout all=warning uptime,level,tags
 #1: stderr all=off uptime,level,tags

Environment Variables:
PATH=D:/eclipse-java-2021-06-R-win32-x86_64/eclipse//plugins/org.eclipse.justj.openjdk.hotspot.jre.full.win32.x86_64_16.0.1.v20210528-1205/jre/bin/server;D:/eclipse-java-2021-06-R-win32-x86_64/eclipse//plugins/org.eclipse.justj.openjdk.hotspot.jre.full.win32.x86_64_16.0.1.v20210528-1205/jre/bin;C:\Program Files\Common Files\Oracle\Java\javapath;C:\ProgramData\Oracle\Java\javapath;C:\Windows\system32;C:\Windows;C:\Windows\System32\Wbem;C:\Windows\System32\WindowsPowerShell\v1.0\;C:\Windows\System32\OpenSSH\;C:\Program Files\dotnet\;C:\Program Files\Microsoft SQL Server\130\Tools\Binn\;C:\Program Files\Microsoft SQL Server\Client SDK\ODBC\170\Tools\Binn\;C:\Users\spionjaakM\AppData\Local\Programs\Python\Python39\Scripts\;C:\Users\spionjaakM\AppData\Local\Programs\Python\Python39\;C:\Users\spionjaakM\AppData\Local\Microsoft\WindowsApps;C:\Users\spionjaakM\.dotnet\tools;D:\eclipse-java-2021-06-R-win32-x86_64\eclipse;
USERNAME=spionjaakM
OS=Windows_NT
PROCESSOR_IDENTIFIER=Intel64 Family 6 Model 142 Stepping 12, GenuineIntel



---------------  S Y S T E M  ---------------

OS:
 Windows 10 , 64 bit Build 19041 (10.0.19041.1151)
OS uptime: 0 days 5:56 hours

CPU: total 4 (initial active 4) (2 cores per cpu, 2 threads per core) family 6 model 142 stepping 12 microcode 0xde, cx8, cmov, fxsr, ht, mmx, 3dnowpref, sse, sse2, sse3, ssse3, sse4.1, sse4.2, popcnt, lzcnt, tsc, tscinvbit, avx, avx2, aes, erms, clmul, bmi1, bmi2, adx, fma, vzeroupper, clflush, clflushopt

Memory: 4k page, system-wide physical 8025M (1318M free)
TotalPageFile size 23385M (AvailPageFile size 4M)
current process WorkingSet (physical memory assigned to process): 37M, peak: 37M
current process commit charge ("private bytes"): 197M, peak: 197M

vm_info: OpenJDK 64-Bit Server VM (16.0.1+9-24) for windows-amd64 JRE (16.0.1+9-24), built on Mar 26 2021 19:30:07 by "mach5one" with MS VC++ 16.7 (VS2019)

END.
